Build started 2015-04-26 16:37:24.
     1>Project "C:\Users\Tomasz\documents\visual studio 2013\Projects\TDD\UnitTestTDD\UnitTestTDD.vcxproj" on node 2 (Build target(s)).
     1>ClCompile:
         C:\Program Files (x86)\Microsoft Visual Studio 12.0\VC\bin\CL.exe /c /I"C:\Program Files (x86)\Microsoft Visual Studio 12.0\VC\UnitTest\include" /ZI /nologo /W3 /WX- /Od /Oy- /D WIN32 /D _DEBUG /D _WINDLL /D _UNICODE /D UNICODE /Gm /EHsc /RTC1 /MDd /GS /fp:precise /Zc:wchar_t /Zc:forScope /Yu"stdafx.h" /Fp"Debug\UnitTestTDD.pch" /Fo"Debug\\" /Fd"Debug\vc120.pdb" /Gd /TP /analyze- /FC /errorReport:prompt unittest1.cpp
         unittest1.cpp
     1>c:\users\tomasz\documents\visual studio 2013\projects\tdd\unittesttdd\unittest1.cpp(22): error C2665: 'Microsoft::VisualStudio::CppUnitTestFramework::Assert::AreEqual' : none of the 8 overloads could convert all the argument types
                 c:\program files (x86)\microsoft visual studio 12.0\vc\unittest\include\cppunittestassert.h(179): could be 'void Microsoft::VisualStudio::CppUnitTestFramework::Assert::AreEqual(const wchar_t *,const wchar_t *,bool,const wchar_t *,const Microsoft::VisualStudio::CppUnitTestFramework::__LineInfo *)'
                 c:\program files (x86)\microsoft visual studio 12.0\vc\unittest\include\cppunittestassert.h(160): or       'void Microsoft::VisualStudio::CppUnitTestFramework::Assert::AreEqual(const char *,const char *,bool,const wchar_t *,const Microsoft::VisualStudio::CppUnitTestFramework::__LineInfo *)'
                 while trying to match the argument list '(int, uint64_t)'
     1>Done Building Project "C:\Users\Tomasz\documents\visual studio 2013\Projects\TDD\UnitTestTDD\UnitTestTDD.vcxproj" (Build target(s)) -- FAILED.

Build FAILED.

Time Elapsed 00:00:00.16
